{"logTime": "0322/115456", "correlationVector":"XoOhVx+ZkPpRELfXKAcMvg.1","action":"SyncServerConnectionManagerRequest", "result":"SYNC_SERVER_OK", "context":{"environment":"Prod_southindia_prod-s01-004-apac-southindia", "migrationStage":"NotStarted", "server":"akswtt103000013"}}
{"logTime": "0322/115456", "correlationVector":"XoOhVx+ZkPpRELfXKAcMvg.2","action":"ProcessGetUpdates", "result":"Done", "context":{"dataType":"Encryption Keys", "deleted":"0", "process_failed_to_decrypt":"0", "process_pending_decryption":"0", "process_success":"1", "total":"1"}}
{"logTime": "0322/115456", "correlationVector":"b6pAVIbtz3MtrcATPf//La","action":"SyncServerConnectionManagerRequest", "result":"SYNC_SERVER_OK", "context":{"environment":"", "migrationStage":"", "server":""}}
{"logTime": "0322/115456", "correlationVector":"b6pAVIbtz3MtrcATPf//La.0","action":"EncryptionKeysFetcher.DownloadKeys:", "result":"Success", "context":Key count: 3, Last key timestamp: 2026-02-09T17:01:17Z}
{"logTime": "0322/115456", "correlationVector":"b6pAVIbtz3MtrcATPf//La.1","action":"EncryptionKeysManager::SetEncryptionKeys:", "result":"Success", "context":Key names[3]:[01vi0DnmNfrhUpH8yNo+5+qAg0mcF3Ou/iFKRkgWVGDPQ2SdfRSy488H2XUs41Brxp1de/tsAqwjdyO3JRfFPQ==][ISrIdF7lsXYu8jCRNn7PklieAG0ECZv1TOYSIFQ1COAbuTUyBndnSvkHI2WtyctyaFVDO9EHBLBM+Ykw0FdrIQ==][oYOGDTDZEkM/tmmL8wtqwstjwiOXyNkjbV8J5T1RgY/Nk1faTJ6aXbV9lWmV4O5meNxfnO0dWmfx+CEFvt+sUw==]}
{"logTime": "0322/115456", "correlationVector":"b6pAVIbtz3MtrcATPf//La.2","action":"EncryptionKeysManager::SetEncryptionKeysWithTimestamps:", "result":"Success", "context":Key timestamps[3]:[2025-02-11T07:40:33Z][2025-08-12T10:19:39Z][2026-02-09T17:01:17Z]}
{"logTime": "0322/115456", "correlationVector":"XoOhVx+ZkPpRELfXKAcMvg","action":"Initial GetUpdates", "result":"", "context":Reason: NEW_CLIENT. cV=XoOhVx+ZkPpRELfXKAcMvg}
{"logTime": "0322/115456", "correlationVector":"XoOhVx+ZkPpRELfXKAcMvg.3","action":"GetUpdates Response", "result":"Success", "context":Received 1 update(s). cV=XoOhVx+ZkPpRELfXKAcMvg.0;server=akswtt103000013;cloudType=Consumer;environment=Prod_southindia_prod-s01-004-apac-southindia;migrationStage=NotStarted}
{"logTime": "0322/115456", "correlationVector":"fX3Hdu9JEX3BOZNhQNv/UP","action":"Initial GetUpdates", "result":"", "context":Reason: NEWLY_SUPPORTED_DATATYPE. cV=fX3Hdu9JEX3BOZNhQNv/UP}
{"logTime": "0322/115457", "correlationVector":"fX3Hdu9JEX3BOZNhQNv/UP.1","action":"SyncServerConnectionManagerRequest", "result":"SYNC_SERVER_OK", "context":{"environment":"Prod_southindia_prod-s01-004-apac-southindia", "migrationStage":"NotStarted", "server":"akswtt10300000c"}}
{"logTime": "0322/115457", "correlationVector":"fX3Hdu9JEX3BOZNhQNv/UP.2","action":"ProcessGetUpdates", "result":"Done", "context":{"dataType":"Preferences", "deleted":"0", "process_failed_to_decrypt":"0", "process_pending_decryption":"0", "process_success":"52", "total":"52"}}
{"logTime": "0322/115457", "correlationVector":"fX3Hdu9JEX3BOZNhQNv/UP.3","action":"ProcessGetUpdates", "result":"Done", "context":{"dataType":"Passwords", "deleted":"0", "process_failed_to_decrypt":"0", "process_pending_decryption":"0", "process_success":"7", "total":"7"}}
{"logTime": "0322/115457", "correlationVector":"fX3Hdu9JEX3BOZNhQNv/UP.4","action":"ProcessGetUpdates", "result":"Done", "context":{"dataType":"Device Info", "deleted":"0", "process_failed_to_decrypt":"0", "process_pending_decryption":"0", "process_success":"3", "total":"3"}}
{"logTime": "0322/115457", "correlationVector":"fX3Hdu9JEX3BOZNhQNv/UP.5","action":"GetUpdates Response", "result":"Success", "context":Received 62 update(s). cV=fX3Hdu9JEX3BOZNhQNv/UP.0;server=akswtt10300000c;cloudType=Consumer;environment=Prod_southindia_prod-s01-004-apac-southindia;migrationStage=NotStarted}
{"logTime": "0322/115457", "correlationVector":"KZMiT87E4+BQMa+T+JCAsV","action":"Initial GetUpdates", "result":"", "context":Reason: NEWLY_SUPPORTED_DATATYPE. cV=KZMiT87E4+BQMa+T+JCAsV}
{"logTime": "0322/115457", "correlationVector":"KZMiT87E4+BQMa+T+JCAsV.1","action":"SyncServerConnectionManagerRequest", "result":"SYNC_SERVER_OK", "context":{"environment":"Prod_southindia_prod-s01-004-apac-southindia", "migrationStage":"NotStarted", "server":"akswtt103000002"}}
{"logTime": "0322/115457", "correlationVector":"KZMiT87E4+BQMa+T+JCAsV.2","action":"ProcessGetUpdates", "result":"Done", "context":{"dataType":"Bookmarks", "deleted":"0", "process_failed_to_decrypt":"0", "process_pending_decryption":"0", "process_success":"6", "total":"6"}}
{"logTime": "0322/115457", "correlationVector":"KZMiT87E4+BQMa+T+JCAsV.3","action":"GetUpdates Response", "result":"Success", "context":Received 6 update(s). cV=KZMiT87E4+BQMa+T+JCAsV.0;server=akswtt103000002;cloudType=Consumer;environment=Prod_southindia_prod-s01-004-apac-southindia;migrationStage=NotStarted}
{"logTime": "0322/115457", "correlationVector":"SjS0tc7tJngOzag1HO8oMh","action":"Initial GetUpdates", "result":"", "context":Reason: NEWLY_SUPPORTED_DATATYPE. cV=SjS0tc7tJngOzag1HO8oMh}
{"logTime": "0322/115457", "correlationVector":"SjS0tc7tJngOzag1HO8oMh.1","action":"SyncServerConnectionManagerRequest", "result":"SYNC_SERVER_OK", "context":{"environment":"Prod_southindia_prod-s01-004-apac-southindia", "migrationStage":"NotStarted", "server":"akswtt10300000o"}}
{"logTime": "0322/115457", "correlationVector":"SjS0tc7tJngOzag1HO8oMh.2","action":"ProcessGetUpdates", "result":"Done", "context":{"dataType":"Autofill Profiles", "deleted":"0", "process_failed_to_decrypt":"0", "process_pending_decryption":"0", "process_success":"4", "total":"4"}}
{"logTime": "0322/115457", "correlationVector":"SjS0tc7tJngOzag1HO8oMh.3","action":"ProcessGetUpdates", "result":"Done", "context":{"dataType":"Autofill", "deleted":"0", "process_failed_to_decrypt":"0", "process_pending_decryption":"0", "process_success":"31", "total":"31"}}
{"logTime": "0322/115457", "correlationVector":"SjS0tc7tJngOzag1HO8oMh.4","action":"ProcessGetUpdates", "result":"Done", "context":{"dataType":"Sessions", "deleted":"24", "process_failed_to_decrypt":"0", "process_pending_decryption":"0", "process_success":"26", "total":"26"}}
{"logTime": "0322/115457", "correlationVector":"SjS0tc7tJngOzag1HO8oMh.5","action":"ProcessGetUpdates", "result":"Done", "context":{"dataType":"Edge Hub App Usage", "deleted":"2", "process_failed_to_decrypt":"0", "process_pending_decryption":"0", "process_success":"4", "total":"4"}}
{"logTime": "0322/115457", "correlationVector":"SjS0tc7tJngOzag1HO8oMh.6","action":"GetUpdates Response", "result":"Success", "context":Received 65 update(s). cV=SjS0tc7tJngOzag1HO8oMh.0;server=akswtt10300000o;cloudType=Consumer;environment=Prod_southindia_prod-s01-004-apac-southindia;migrationStage=NotStarted}
{"logTime": "0322/115457", "correlationVector":"IqXqLoyOv67+VvZ4YLZd07","action":"Initial GetUpdates", "result":"", "context":Reason: NEWLY_SUPPORTED_DATATYPE. cV=IqXqLoyOv67+VvZ4YLZd07}
{"logTime": "0322/115457", "correlationVector":"IqXqLoyOv67+VvZ4YLZd07.1","action":"SyncServerConnectionManagerRequest", "result":"SYNC_SERVER_OK", "context":{"environment":"Prod_southindia_prod-s01-004-apac-southindia", "migrationStage":"NotStarted", "server":"akswtt10300000h"}}
{"logTime": "0322/115457", "correlationVector":"IqXqLoyOv67+VvZ4YLZd07.2","action":"GetUpdates Response", "result":"Success", "context":Received 0 update(s). cV=IqXqLoyOv67+VvZ4YLZd07.0;server=akswtt10300000h;cloudType=Consumer;environment=Prod_southindia_prod-s01-004-apac-southindia;migrationStage=NotStarted}
{"logTime": "0322/115457", "correlationVector":"Jq+tbM444FgIdBhD8A9kI5","action":"Normal GetUpdate request", "result":"", "context":cV=Jq+tbM444FgIdBhD8A9kI5
Nudged types: Sessions, Device Info, User Consents
Refresh requested types: Bookmarks, Preferences, Passwords, Autofill Profiles, Autofill, Extensions, Sessions, Extension settings, History Delete Directives, Device Info, User Consents, Send Tab To Self, Web Apps, History, Saved Tab Group, WebAuthn Credentials, Collection, Edge E Drop, Edge Hub App Usage, Edge Wallet, Edge Workspace, Encryption Keys}
{"logTime": "0322/115458", "correlationVector":"Jq+tbM444FgIdBhD8A9kI5.1","action":"SyncServerConnectionManagerRequest", "result":"SYNC_SERVER_OK", "context":{"environment":"Prod_southindia_prod-s01-004-apac-southindia", "migrationStage":"NotStarted", "server":"akswtt10300000m"}}
{"logTime": "0322/115458", "correlationVector":"Jq+tbM444FgIdBhD8A9kI5.2","action":"GetUpdates Response", "result":"Success", "context":Received 0 update(s). cV=Jq+tbM444FgIdBhD8A9kI5.0;server=akswtt10300000m;cloudType=Consumer;environment=Prod_southindia_prod-s01-004-apac-southindia;migrationStage=NotStarted}
{"logTime": "0322/115458", "correlationVector":"lkOjJKFLaCYfgRJxNNLlCW","action":"DoCompareDataConsistency requsted types: ", "result":"Bookmarks, Preferences, Passwords, Extensions, Extension settings, History Delete Directives, Send Tab To Self, Web Apps, History, Saved Tab Group, WebAuthn Credentials, Collection, Edge E Drop, Edge Wallet, Edge Workspace, Encryption Keys"}
{"logTime": "0322/115458", "correlationVector":"lkOjJKFLaCYfgRJxNNLlCW.0","action":"CompareDataConsistency result: ", "result":"Compare result: Encryption Keys is consistent. local entities count is: 1 local entities hash is: GmJGqQQxu6EXgyMS/GWY0u9OjKQ="}
{"logTime": "0322/115458", "correlationVector":"lkOjJKFLaCYfgRJxNNLlCW.1","action":"CompareDataConsistency result: ", "result":"Compare result: Bookmarks is consistent. local entities count is: 0 local entities hash is: "}
{"logTime": "0322/115458", "correlationVector":"lkOjJKFLaCYfgRJxNNLlCW.2","action":"CompareDataConsistency result: ", "result":"Compare result: Preferences is consistent. local entities count is: 52 local entities hash is: Sigd37PKTlPdZc3RbtwhNE5iR6o="}
{"logTime": "0322/115458", "correlationVector":"lkOjJKFLaCYfgRJxNNLlCW.3","action":"CompareDataConsistency result: ", "result":"Compare result: Extensions is consistent. local entities count is: 0 local entities hash is: "}
{"logTime": "0322/115458", "correlationVector":"lkOjJKFLaCYfgRJxNNLlCW.4","action":"CompareDataConsistency result: ", "result":"Compare result: Extension settings is consistent. local entities count is: 0 local entities hash is: "}
{"logTime": "0322/115458", "correlationVector":"lkOjJKFLaCYfgRJxNNLlCW.5","action":"CompareDataConsistency result: ", "result":"Compare result: History Delete Directives is consistent. local entities count is: 0 local entities hash is: "}
{"logTime": "0322/115458", "correlationVector":"lkOjJKFLaCYfgRJxNNLlCW.6","action":"CompareDataConsistency result: ", "result":"Server did not send this Send Tab To Self local entities count is: 0 local entities hash is: "}
{"logTime": "0322/115458", "correlationVector":"lkOjJKFLaCYfgRJxNNLlCW.7","action":"CompareDataConsistency result: ", "result":"Compare result: Web Apps is consistent. local entities count is: 0 local entities hash is: "}
{"logTime": "0322/115458", "correlationVector":"lkOjJKFLaCYfgRJxNNLlCW.8","action":"CompareDataConsistency result: ", "result":"Server did not send this History local entities count is: 0 local entities hash is: "}
{"logTime": "0322/115458", "correlationVector":"lkOjJKFLaCYfgRJxNNLlCW.9","action":"CompareDataConsistency result: ", "result":"Compare result: Saved Tab Group is consistent. local entities count is: 0 local entities hash is: "}
{"logTime": "0322/115458", "correlationVector":"lkOjJKFLaCYfgRJxNNLlCW.10","action":"CompareDataConsistency result: ", "result":"Server did not send this WebAuthn Credentials local entities count is: 0 local entities hash is: "}
{"logTime": "0322/115458", "correlationVector":"lkOjJKFLaCYfgRJxNNLlCW.11","action":"CompareDataConsistency result: ", "result":"Compare result: Collection is consistent. local entities count is: 0 local entities hash is: "}
{"logTime": "0322/115458", "correlationVector":"lkOjJKFLaCYfgRJxNNLlCW.12","action":"CompareDataConsistency result: ", "result":"Compare result: Edge E Drop is consistent. local entities count is: 0 local entities hash is: "}
{"logTime": "0322/115458", "correlationVector":"lkOjJKFLaCYfgRJxNNLlCW.13","action":"CompareDataConsistency result: ", "result":"Compare result: Edge Wallet is consistent. local entities count is: 0 local entities hash is: "}
{"logTime": "0322/115458", "correlationVector":"lkOjJKFLaCYfgRJxNNLlCW.14","action":"CompareDataConsistency result: ", "result":"Server did not send this Edge Workspace local entities count is: 0 local entities hash is: "}
{"logTime": "0322/115458", "correlationVector":"lkOjJKFLaCYfgRJxNNLlCW.15","action":"CompareDataConsistency result: ", "result":"Compare result: Passwords is consistent. local entities count is: 7 local entities hash is: B6ih2g3OTw+bD45eMai6gVDkQ4I="}
{"logTime": "0322/115458", "correlationVector":"HYUH4HkGdMaRWfMfSWuOdG","action":"Commit Request", "result":"", "context":Item count: 4
Contributing types: Sessions, Device Info, User Consents}
{"logTime": "0322/115458", "correlationVector":"HYUH4HkGdMaRWfMfSWuOdG.1","action":"SyncServerConnectionManagerRequest", "result":"SYNC_SERVER_OK", "context":{"environment":"Prod_southindia_prod-s01-004-apac-southindia", "migrationStage":"NotStarted", "server":"akswtt10300000z"}}
{"logTime": "0322/115458", "correlationVector":"HYUH4HkGdMaRWfMfSWuOdG.2","action":"Commit Response", "result":"Success", "context":Result: Success. cV=HYUH4HkGdMaRWfMfSWuOdG.0;server=akswtt10300000z;cloudType=Consumer;environment=Prod_southindia_prod-s01-004-apac-southindia;migrationStage=NotStarted}
{"logTime": "0322/115458", "correlationVector":"","action":"DIAGNOSTIC_REQUEST|v1/diagnosticData/Diagnostic.SendCheckResult()|SUCCESS", "result":""}
{"logTime": "0322/115513", "correlationVector":"+6qAUIpMwlmCSQ9Aa5kXBH","action":"Commit Request", "result":"", "context":Item count: 2
Contributing types: Preferences, Edge Hub App Usage}
{"logTime": "0322/115514", "correlationVector":"+6qAUIpMwlmCSQ9Aa5kXBH.1","action":"SyncServerConnectionManagerRequest", "result":"SYNC_SERVER_OK", "context":{"environment":"Prod_southindia_prod-s01-004-apac-southindia", "migrationStage":"NotStarted", "server":"akswtt10300000r"}}
{"logTime": "0322/115514", "correlationVector":"+6qAUIpMwlmCSQ9Aa5kXBH.2","action":"Commit Response", "result":"Success", "context":Result: Success. cV=+6qAUIpMwlmCSQ9Aa5kXBH.0;server=akswtt10300000r;cloudType=Consumer;environment=Prod_southindia_prod-s01-004-apac-southindia;migrationStage=NotStarted}
