{"logTime": "0322/120346", "correlationVector":"jhPGyrY9AJz+r+z6nt/2SA.1","action":"SyncServerConnectionManagerRequest", "result":"SYNC_SERVER_OK", "context":{"environment":"Prod_southindia_prod-s01-004-apac-southindia", "migrationStage":"NotStarted", "server":"akswtt103000002"}}
{"logTime": "0322/120346", "correlationVector":"jhPGyrY9AJz+r+z6nt/2SA.2","action":"ProcessGetUpdates", "result":"Done", "context":{"dataType":"Encryption Keys", "deleted":"0", "process_failed_to_decrypt":"0", "process_pending_decryption":"0", "process_success":"1", "total":"1"}}
{"logTime": "0322/120346", "correlationVector":"xg7GhxwHsRNdcqiFc9q9pc","action":"SyncServerConnectionManagerRequest", "result":"SYNC_SERVER_OK", "context":{"environment":"", "migrationStage":"", "server":""}}
{"logTime": "0322/120346", "correlationVector":"xg7GhxwHsRNdcqiFc9q9pc.0","action":"EncryptionKeysFetcher.DownloadKeys:", "result":"Success", "context":Key count: 3, Last key timestamp: 2026-02-09T17:01:17Z}
{"logTime": "0322/120346", "correlationVector":"xg7GhxwHsRNdcqiFc9q9pc.1","action":"EncryptionKeysManager::SetEncryptionKeys:", "result":"Success", "context":Key names[3]:[01vi0DnmNfrhUpH8yNo+5+qAg0mcF3Ou/iFKRkgWVGDPQ2SdfRSy488H2XUs41Brxp1de/tsAqwjdyO3JRfFPQ==][ISrIdF7lsXYu8jCRNn7PklieAG0ECZv1TOYSIFQ1COAbuTUyBndnSvkHI2WtyctyaFVDO9EHBLBM+Ykw0FdrIQ==][oYOGDTDZEkM/tmmL8wtqwstjwiOXyNkjbV8J5T1RgY/Nk1faTJ6aXbV9lWmV4O5meNxfnO0dWmfx+CEFvt+sUw==]}
{"logTime": "0322/120346", "correlationVector":"xg7GhxwHsRNdcqiFc9q9pc.2","action":"EncryptionKeysManager::SetEncryptionKeysWithTimestamps:", "result":"Success", "context":Key timestamps[3]:[2025-02-11T07:40:33Z][2025-08-12T10:19:39Z][2026-02-09T17:01:17Z]}
{"logTime": "0322/120346", "correlationVector":"jhPGyrY9AJz+r+z6nt/2SA","action":"Initial GetUpdates", "result":"", "context":Reason: NEW_CLIENT. cV=jhPGyrY9AJz+r+z6nt/2SA}
{"logTime": "0322/120346", "correlationVector":"jhPGyrY9AJz+r+z6nt/2SA.3","action":"GetUpdates Response", "result":"Success", "context":Received 1 update(s). cV=jhPGyrY9AJz+r+z6nt/2SA.0;server=akswtt103000002;cloudType=Consumer;environment=Prod_southindia_prod-s01-004-apac-southindia;migrationStage=NotStarted}
{"logTime": "0322/120346", "correlationVector":"sdNr6OdFYAIphv+/ikPU0J","action":"Initial GetUpdates", "result":"", "context":Reason: NEWLY_SUPPORTED_DATATYPE. cV=sdNr6OdFYAIphv+/ikPU0J}
{"logTime": "0322/120346", "correlationVector":"sdNr6OdFYAIphv+/ikPU0J.1","action":"SyncServerConnectionManagerRequest", "result":"SYNC_SERVER_OK", "context":{"environment":"Prod_southindia_prod-s01-004-apac-southindia", "migrationStage":"NotStarted", "server":"akswtt10300000b"}}
{"logTime": "0322/120346", "correlationVector":"sdNr6OdFYAIphv+/ikPU0J.2","action":"ProcessGetUpdates", "result":"Done", "context":{"dataType":"Preferences", "deleted":"0", "process_failed_to_decrypt":"0", "process_pending_decryption":"0", "process_success":"52", "total":"52"}}
{"logTime": "0322/120346", "correlationVector":"sdNr6OdFYAIphv+/ikPU0J.3","action":"ProcessGetUpdates", "result":"Done", "context":{"dataType":"Passwords", "deleted":"0", "process_failed_to_decrypt":"0", "process_pending_decryption":"0", "process_success":"7", "total":"7"}}
{"logTime": "0322/120346", "correlationVector":"sdNr6OdFYAIphv+/ikPU0J.4","action":"ProcessGetUpdates", "result":"Done", "context":{"dataType":"Device Info", "deleted":"0", "process_failed_to_decrypt":"0", "process_pending_decryption":"0", "process_success":"4", "total":"4"}}
{"logTime": "0322/120346", "correlationVector":"sdNr6OdFYAIphv+/ikPU0J.5","action":"GetUpdates Response", "result":"Success", "context":Received 63 update(s). cV=sdNr6OdFYAIphv+/ikPU0J.0;server=akswtt10300000b;cloudType=Consumer;environment=Prod_southindia_prod-s01-004-apac-southindia;migrationStage=NotStarted}
{"logTime": "0322/120347", "correlationVector":"CAsKHCpHM0XWjTmzJixMxa","action":"Initial GetUpdates", "result":"", "context":Reason: NEWLY_SUPPORTED_DATATYPE. cV=CAsKHCpHM0XWjTmzJixMxa}
{"logTime": "0322/120347", "correlationVector":"CAsKHCpHM0XWjTmzJixMxa.1","action":"SyncServerConnectionManagerRequest", "result":"SYNC_SERVER_OK", "context":{"environment":"Prod_southindia_prod-s01-004-apac-southindia", "migrationStage":"NotStarted", "server":"akswtt103000012"}}
{"logTime": "0322/120347", "correlationVector":"CAsKHCpHM0XWjTmzJixMxa.2","action":"ProcessGetUpdates", "result":"Done", "context":{"dataType":"Bookmarks", "deleted":"0", "process_failed_to_decrypt":"0", "process_pending_decryption":"0", "process_success":"6", "total":"6"}}
{"logTime": "0322/120347", "correlationVector":"CAsKHCpHM0XWjTmzJixMxa.3","action":"GetUpdates Response", "result":"Success", "context":Received 6 update(s). cV=CAsKHCpHM0XWjTmzJixMxa.0;server=akswtt103000012;cloudType=Consumer;environment=Prod_southindia_prod-s01-004-apac-southindia;migrationStage=NotStarted}
{"logTime": "0322/120347", "correlationVector":"7AsV1oPg7ZROisjRXpSbGe","action":"Initial GetUpdates", "result":"", "context":Reason: NEWLY_SUPPORTED_DATATYPE. cV=7AsV1oPg7ZROisjRXpSbGe}
{"logTime": "0322/120347", "correlationVector":"7AsV1oPg7ZROisjRXpSbGe.1","action":"SyncServerConnectionManagerRequest", "result":"SYNC_SERVER_OK", "context":{"environment":"Prod_southindia_prod-s01-004-apac-southindia", "migrationStage":"NotStarted", "server":"akswtt10300000p"}}
{"logTime": "0322/120347", "correlationVector":"7AsV1oPg7ZROisjRXpSbGe.2","action":"ProcessGetUpdates", "result":"Done", "context":{"dataType":"Autofill Profiles", "deleted":"0", "process_failed_to_decrypt":"0", "process_pending_decryption":"0", "process_success":"4", "total":"4"}}
{"logTime": "0322/120347", "correlationVector":"7AsV1oPg7ZROisjRXpSbGe.3","action":"ProcessGetUpdates", "result":"Done", "context":{"dataType":"Autofill", "deleted":"0", "process_failed_to_decrypt":"0", "process_pending_decryption":"0", "process_success":"31", "total":"31"}}
{"logTime": "0322/120347", "correlationVector":"7AsV1oPg7ZROisjRXpSbGe.4","action":"ProcessGetUpdates", "result":"Done", "context":{"dataType":"Sessions", "deleted":"24", "process_failed_to_decrypt":"0", "process_pending_decryption":"0", "process_success":"28", "total":"28"}}
{"logTime": "0322/120347", "correlationVector":"7AsV1oPg7ZROisjRXpSbGe.5","action":"ProcessGetUpdates", "result":"Done", "context":{"dataType":"Edge Hub App Usage", "deleted":"2", "process_failed_to_decrypt":"0", "process_pending_decryption":"0", "process_success":"5", "total":"5"}}
{"logTime": "0322/120347", "correlationVector":"7AsV1oPg7ZROisjRXpSbGe.6","action":"GetUpdates Response", "result":"Success", "context":Received 68 update(s). cV=7AsV1oPg7ZROisjRXpSbGe.0;server=akswtt10300000p;cloudType=Consumer;environment=Prod_southindia_prod-s01-004-apac-southindia;migrationStage=NotStarted}
{"logTime": "0322/120347", "correlationVector":"pe5+hHpzlrn2HW8bna3kFk","action":"Initial GetUpdates", "result":"", "context":Reason: NEWLY_SUPPORTED_DATATYPE. cV=pe5+hHpzlrn2HW8bna3kFk}
{"logTime": "0322/120347", "correlationVector":"pe5+hHpzlrn2HW8bna3kFk.1","action":"SyncServerConnectionManagerRequest", "result":"SYNC_SERVER_OK", "context":{"environment":"Prod_southindia_prod-s01-004-apac-southindia", "migrationStage":"NotStarted", "server":"akswtt103000003"}}
{"logTime": "0322/120347", "correlationVector":"pe5+hHpzlrn2HW8bna3kFk.2","action":"GetUpdates Response", "result":"Success", "context":Received 0 update(s). cV=pe5+hHpzlrn2HW8bna3kFk.0;server=akswtt103000003;cloudType=Consumer;environment=Prod_southindia_prod-s01-004-apac-southindia;migrationStage=NotStarted}
{"logTime": "0322/120347", "correlationVector":"HUUZ3V4N/hdDaq6QEVw4xf","action":"Normal GetUpdate request", "result":"", "context":cV=HUUZ3V4N/hdDaq6QEVw4xf
Nudged types: Sessions, Device Info, User Consents
Refresh requested types: Bookmarks, Preferences, Passwords, Autofill Profiles, Autofill, Extensions, Sessions, Extension settings, History Delete Directives, Device Info, User Consents, Send Tab To Self, Web Apps, History, Saved Tab Group, WebAuthn Credentials, Collection, Edge E Drop, Edge Hub App Usage, Edge Wallet, Edge Workspace, Encryption Keys}
{"logTime": "0322/120348", "correlationVector":"HUUZ3V4N/hdDaq6QEVw4xf.1","action":"SyncServerConnectionManagerRequest", "result":"SYNC_SERVER_OK", "context":{"environment":"Prod_southindia_prod-s01-004-apac-southindia", "migrationStage":"NotStarted", "server":"akswtt103000008"}}
{"logTime": "0322/120348", "correlationVector":"HUUZ3V4N/hdDaq6QEVw4xf.2","action":"GetUpdates Response", "result":"Success", "context":Received 0 update(s). cV=HUUZ3V4N/hdDaq6QEVw4xf.0;server=akswtt103000008;cloudType=Consumer;environment=Prod_southindia_prod-s01-004-apac-southindia;migrationStage=NotStarted}
{"logTime": "0322/120348", "correlationVector":"0G81ukzXST10fLC2zYFGtG","action":"DoCompareDataConsistency requsted types: ", "result":"Bookmarks, Preferences, Passwords, Extensions, Extension settings, History Delete Directives, Send Tab To Self, Web Apps, History, Saved Tab Group, WebAuthn Credentials, Collection, Edge E Drop, Edge Wallet, Edge Workspace, Encryption Keys"}
{"logTime": "0322/120348", "correlationVector":"0G81ukzXST10fLC2zYFGtG.0","action":"CompareDataConsistency result: ", "result":"Compare result: Encryption Keys is consistent. local entities count is: 1 local entities hash is: GmJGqQQxu6EXgyMS/GWY0u9OjKQ="}
{"logTime": "0322/120348", "correlationVector":"0G81ukzXST10fLC2zYFGtG.1","action":"CompareDataConsistency result: ", "result":"Compare result: Bookmarks is consistent. local entities count is: 0 local entities hash is: "}
{"logTime": "0322/120348", "correlationVector":"0G81ukzXST10fLC2zYFGtG.2","action":"CompareDataConsistency result: ", "result":"Compare result: Preferences is consistent. local entities count is: 52 local entities hash is: TOzX2rwvsUHP7ree4wp8OuxeG+0="}
{"logTime": "0322/120348", "correlationVector":"0G81ukzXST10fLC2zYFGtG.3","action":"CompareDataConsistency result: ", "result":"Compare result: Extensions is consistent. local entities count is: 0 local entities hash is: "}
{"logTime": "0322/120348", "correlationVector":"0G81ukzXST10fLC2zYFGtG.4","action":"CompareDataConsistency result: ", "result":"Compare result: Extension settings is consistent. local entities count is: 0 local entities hash is: "}
{"logTime": "0322/120348", "correlationVector":"0G81ukzXST10fLC2zYFGtG.5","action":"CompareDataConsistency result: ", "result":"Compare result: History Delete Directives is consistent. local entities count is: 0 local entities hash is: "}
{"logTime": "0322/120348", "correlationVector":"0G81ukzXST10fLC2zYFGtG.6","action":"CompareDataConsistency result: ", "result":"Server did not send this Send Tab To Self local entities count is: 0 local entities hash is: "}
{"logTime": "0322/120348", "correlationVector":"0G81ukzXST10fLC2zYFGtG.7","action":"CompareDataConsistency result: ", "result":"Compare result: Web Apps is consistent. local entities count is: 0 local entities hash is: "}
{"logTime": "0322/120348", "correlationVector":"0G81ukzXST10fLC2zYFGtG.8","action":"CompareDataConsistency result: ", "result":"Server did not send this History local entities count is: 0 local entities hash is: "}
{"logTime": "0322/120348", "correlationVector":"0G81ukzXST10fLC2zYFGtG.9","action":"CompareDataConsistency result: ", "result":"Compare result: Saved Tab Group is consistent. local entities count is: 0 local entities hash is: "}
{"logTime": "0322/120348", "correlationVector":"0G81ukzXST10fLC2zYFGtG.10","action":"CompareDataConsistency result: ", "result":"Server did not send this WebAuthn Credentials local entities count is: 0 local entities hash is: "}
{"logTime": "0322/120348", "correlationVector":"0G81ukzXST10fLC2zYFGtG.11","action":"CompareDataConsistency result: ", "result":"Compare result: Collection is consistent. local entities count is: 0 local entities hash is: "}
{"logTime": "0322/120348", "correlationVector":"0G81ukzXST10fLC2zYFGtG.12","action":"CompareDataConsistency result: ", "result":"Compare result: Edge E Drop is consistent. local entities count is: 0 local entities hash is: "}
{"logTime": "0322/120348", "correlationVector":"0G81ukzXST10fLC2zYFGtG.13","action":"CompareDataConsistency result: ", "result":"Compare result: Edge Wallet is consistent. local entities count is: 0 local entities hash is: "}
{"logTime": "0322/120348", "correlationVector":"0G81ukzXST10fLC2zYFGtG.14","action":"CompareDataConsistency result: ", "result":"Server did not send this Edge Workspace local entities count is: 0 local entities hash is: "}
{"logTime": "0322/120348", "correlationVector":"0G81ukzXST10fLC2zYFGtG.15","action":"CompareDataConsistency result: ", "result":"Compare result: Passwords is consistent. local entities count is: 7 local entities hash is: B6ih2g3OTw+bD45eMai6gVDkQ4I="}
{"logTime": "0322/120348", "correlationVector":"qJY0DTeoWgZF86+Pzo8vbH","action":"Commit Request", "result":"", "context":Item count: 4
Contributing types: Sessions, Device Info, User Consents}
{"logTime": "0322/120348", "correlationVector":"qJY0DTeoWgZF86+Pzo8vbH.1","action":"SyncServerConnectionManagerRequest", "result":"SYNC_SERVER_OK", "context":{"environment":"Prod_southindia_prod-s01-004-apac-southindia", "migrationStage":"NotStarted", "server":"akswtt10300000z"}}
{"logTime": "0322/120348", "correlationVector":"qJY0DTeoWgZF86+Pzo8vbH.2","action":"Commit Response", "result":"Success", "context":Result: Success. cV=qJY0DTeoWgZF86+Pzo8vbH.0;server=akswtt10300000z;cloudType=Consumer;environment=Prod_southindia_prod-s01-004-apac-southindia;migrationStage=NotStarted}
{"logTime": "0322/120348", "correlationVector":"","action":"DIAGNOSTIC_REQUEST|v1/diagnosticData/Diagnostic.SendCheckResult()|SUCCESS", "result":""}
{"logTime": "0322/120356", "correlationVector":"4GYS8c28uRyVbSlRfI+/Iw","action":"Commit Request", "result":"", "context":Item count: 2
Contributing types: Edge Hub App Usage}
{"logTime": "0322/120356", "correlationVector":"4GYS8c28uRyVbSlRfI+/Iw.1","action":"SyncServerConnectionManagerRequest", "result":"SYNC_SERVER_OK", "context":{"environment":"Prod_southindia_prod-s01-004-apac-southindia", "migrationStage":"NotStarted", "server":"akswtt10300000g"}}
{"logTime": "0322/120356", "correlationVector":"4GYS8c28uRyVbSlRfI+/Iw.2","action":"Commit Response", "result":"Success", "context":Result: Success. cV=4GYS8c28uRyVbSlRfI+/Iw.0;server=akswtt10300000g;cloudType=Consumer;environment=Prod_southindia_prod-s01-004-apac-southindia;migrationStage=NotStarted}
