{"logTime": "0322/123304", "correlationVector":"JMqjhjJIQCFxnJDzTZfA4z.1","action":"SyncServerConnectionManagerRequest", "result":"SYNC_SERVER_OK", "context":{"environment":"Prod_southindia_prod-s01-004-apac-southindia", "migrationStage":"NotStarted", "server":"akswtt103000015"}}
{"logTime": "0322/123304", "correlationVector":"JMqjhjJIQCFxnJDzTZfA4z.2","action":"ProcessGetUpdates", "result":"Done", "context":{"dataType":"Encryption Keys", "deleted":"0", "process_failed_to_decrypt":"0", "process_pending_decryption":"0", "process_success":"1", "total":"1"}}
{"logTime": "0322/123304", "correlationVector":"JfBTKLZnoO9NrjKFyfiHSm","action":"SyncServerConnectionManagerRequest", "result":"SYNC_SERVER_OK", "context":{"environment":"", "migrationStage":"", "server":""}}
{"logTime": "0322/123304", "correlationVector":"JfBTKLZnoO9NrjKFyfiHSm.0","action":"EncryptionKeysFetcher.DownloadKeys:", "result":"Success", "context":Key count: 3, Last key timestamp: 2026-02-09T17:01:17Z}
{"logTime": "0322/123304", "correlationVector":"JfBTKLZnoO9NrjKFyfiHSm.1","action":"EncryptionKeysManager::SetEncryptionKeys:", "result":"Success", "context":Key names[3]:[01vi0DnmNfrhUpH8yNo+5+qAg0mcF3Ou/iFKRkgWVGDPQ2SdfRSy488H2XUs41Brxp1de/tsAqwjdyO3JRfFPQ==][ISrIdF7lsXYu8jCRNn7PklieAG0ECZv1TOYSIFQ1COAbuTUyBndnSvkHI2WtyctyaFVDO9EHBLBM+Ykw0FdrIQ==][oYOGDTDZEkM/tmmL8wtqwstjwiOXyNkjbV8J5T1RgY/Nk1faTJ6aXbV9lWmV4O5meNxfnO0dWmfx+CEFvt+sUw==]}
{"logTime": "0322/123304", "correlationVector":"JfBTKLZnoO9NrjKFyfiHSm.2","action":"EncryptionKeysManager::SetEncryptionKeysWithTimestamps:", "result":"Success", "context":Key timestamps[3]:[2025-02-11T07:40:33Z][2025-08-12T10:19:39Z][2026-02-09T17:01:17Z]}
{"logTime": "0322/123304", "correlationVector":"JMqjhjJIQCFxnJDzTZfA4z","action":"Initial GetUpdates", "result":"", "context":Reason: NEW_CLIENT. cV=JMqjhjJIQCFxnJDzTZfA4z}
{"logTime": "0322/123304", "correlationVector":"JMqjhjJIQCFxnJDzTZfA4z.3","action":"GetUpdates Response", "result":"Success", "context":Received 1 update(s). cV=JMqjhjJIQCFxnJDzTZfA4z.0;server=akswtt103000015;cloudType=Consumer;environment=Prod_southindia_prod-s01-004-apac-southindia;migrationStage=NotStarted}
{"logTime": "0322/123304", "correlationVector":"JGUCibMUWJWUTCYM2Vz9AU","action":"Initial GetUpdates", "result":"", "context":Reason: NEWLY_SUPPORTED_DATATYPE. cV=JGUCibMUWJWUTCYM2Vz9AU}
{"logTime": "0322/123305", "correlationVector":"JGUCibMUWJWUTCYM2Vz9AU.1","action":"SyncServerConnectionManagerRequest", "result":"SYNC_SERVER_OK", "context":{"environment":"Prod_southindia_prod-s01-004-apac-southindia", "migrationStage":"NotStarted", "server":"akswtt103000003"}}
{"logTime": "0322/123305", "correlationVector":"JGUCibMUWJWUTCYM2Vz9AU.2","action":"ProcessGetUpdates", "result":"Done", "context":{"dataType":"Preferences", "deleted":"0", "process_failed_to_decrypt":"0", "process_pending_decryption":"0", "process_success":"52", "total":"52"}}
{"logTime": "0322/123305", "correlationVector":"JGUCibMUWJWUTCYM2Vz9AU.3","action":"ProcessGetUpdates", "result":"Done", "context":{"dataType":"Passwords", "deleted":"0", "process_failed_to_decrypt":"0", "process_pending_decryption":"0", "process_success":"7", "total":"7"}}
{"logTime": "0322/123305", "correlationVector":"JGUCibMUWJWUTCYM2Vz9AU.4","action":"ProcessGetUpdates", "result":"Done", "context":{"dataType":"Device Info", "deleted":"0", "process_failed_to_decrypt":"0", "process_pending_decryption":"0", "process_success":"6", "total":"6"}}
{"logTime": "0322/123305", "correlationVector":"JGUCibMUWJWUTCYM2Vz9AU.5","action":"GetUpdates Response", "result":"Success", "context":Received 65 update(s). cV=JGUCibMUWJWUTCYM2Vz9AU.0;server=akswtt103000003;cloudType=Consumer;environment=Prod_southindia_prod-s01-004-apac-southindia;migrationStage=NotStarted}
{"logTime": "0322/123305", "correlationVector":"sFadQYJQ8mvAU1DidazyK4","action":"Initial GetUpdates", "result":"", "context":Reason: NEWLY_SUPPORTED_DATATYPE. cV=sFadQYJQ8mvAU1DidazyK4}
{"logTime": "0322/123305", "correlationVector":"sFadQYJQ8mvAU1DidazyK4.1","action":"SyncServerConnectionManagerRequest", "result":"SYNC_SERVER_OK", "context":{"environment":"Prod_southindia_prod-s01-004-apac-southindia", "migrationStage":"NotStarted", "server":"akswtt103000009"}}
{"logTime": "0322/123305", "correlationVector":"sFadQYJQ8mvAU1DidazyK4.2","action":"ProcessGetUpdates", "result":"Done", "context":{"dataType":"Bookmarks", "deleted":"0", "process_failed_to_decrypt":"0", "process_pending_decryption":"0", "process_success":"6", "total":"6"}}
{"logTime": "0322/123305", "correlationVector":"sFadQYJQ8mvAU1DidazyK4.3","action":"GetUpdates Response", "result":"Success", "context":Received 6 update(s). cV=sFadQYJQ8mvAU1DidazyK4.0;server=akswtt103000009;cloudType=Consumer;environment=Prod_southindia_prod-s01-004-apac-southindia;migrationStage=NotStarted}
{"logTime": "0322/123305", "correlationVector":"+JSmaY4Z40YCTfc1KTP1K1","action":"Initial GetUpdates", "result":"", "context":Reason: NEWLY_SUPPORTED_DATATYPE. cV=+JSmaY4Z40YCTfc1KTP1K1}
{"logTime": "0322/123305", "correlationVector":"+JSmaY4Z40YCTfc1KTP1K1.1","action":"SyncServerConnectionManagerRequest", "result":"SYNC_SERVER_OK", "context":{"environment":"Prod_southindia_prod-s01-004-apac-southindia", "migrationStage":"NotStarted", "server":"akswtt103000013"}}
{"logTime": "0322/123305", "correlationVector":"+JSmaY4Z40YCTfc1KTP1K1.2","action":"ProcessGetUpdates", "result":"Done", "context":{"dataType":"Autofill Profiles", "deleted":"0", "process_failed_to_decrypt":"0", "process_pending_decryption":"0", "process_success":"4", "total":"4"}}
{"logTime": "0322/123305", "correlationVector":"+JSmaY4Z40YCTfc1KTP1K1.3","action":"ProcessGetUpdates", "result":"Done", "context":{"dataType":"Autofill", "deleted":"0", "process_failed_to_decrypt":"0", "process_pending_decryption":"0", "process_success":"31", "total":"31"}}
{"logTime": "0322/123305", "correlationVector":"+JSmaY4Z40YCTfc1KTP1K1.4","action":"ProcessGetUpdates", "result":"Done", "context":{"dataType":"Sessions", "deleted":"24", "process_failed_to_decrypt":"0", "process_pending_decryption":"0", "process_success":"32", "total":"32"}}
{"logTime": "0322/123305", "correlationVector":"+JSmaY4Z40YCTfc1KTP1K1.5","action":"ProcessGetUpdates", "result":"Done", "context":{"dataType":"Edge Hub App Usage", "deleted":"2", "process_failed_to_decrypt":"0", "process_pending_decryption":"0", "process_success":"7", "total":"7"}}
{"logTime": "0322/123305", "correlationVector":"+JSmaY4Z40YCTfc1KTP1K1.6","action":"GetUpdates Response", "result":"Success", "context":Received 74 update(s). cV=+JSmaY4Z40YCTfc1KTP1K1.0;server=akswtt103000013;cloudType=Consumer;environment=Prod_southindia_prod-s01-004-apac-southindia;migrationStage=NotStarted}
{"logTime": "0322/123305", "correlationVector":"LEI7bX/1NBRTmkat276nzf","action":"Initial GetUpdates", "result":"", "context":Reason: NEWLY_SUPPORTED_DATATYPE. cV=LEI7bX/1NBRTmkat276nzf}
{"logTime": "0322/123305", "correlationVector":"LEI7bX/1NBRTmkat276nzf.1","action":"SyncServerConnectionManagerRequest", "result":"SYNC_SERVER_OK", "context":{"environment":"Prod_southindia_prod-s01-004-apac-southindia", "migrationStage":"NotStarted", "server":"akswtt103000005"}}
{"logTime": "0322/123305", "correlationVector":"LEI7bX/1NBRTmkat276nzf.2","action":"GetUpdates Response", "result":"Success", "context":Received 0 update(s). cV=LEI7bX/1NBRTmkat276nzf.0;server=akswtt103000005;cloudType=Consumer;environment=Prod_southindia_prod-s01-004-apac-southindia;migrationStage=NotStarted}
{"logTime": "0322/123305", "correlationVector":"b/zEWmZT7pERIC9XskB8AL","action":"Normal GetUpdate request", "result":"", "context":cV=b/zEWmZT7pERIC9XskB8AL
Nudged types: Sessions, Device Info, User Consents
Refresh requested types: Bookmarks, Preferences, Passwords, Autofill Profiles, Autofill, Extensions, Sessions, Extension settings, History Delete Directives, Device Info, User Consents, Send Tab To Self, Web Apps, History, Saved Tab Group, WebAuthn Credentials, Collection, Edge E Drop, Edge Hub App Usage, Edge Wallet, Edge Workspace, Encryption Keys}
{"logTime": "0322/123306", "correlationVector":"b/zEWmZT7pERIC9XskB8AL.1","action":"SyncServerConnectionManagerRequest", "result":"SYNC_SERVER_OK", "context":{"environment":"Prod_southindia_prod-s01-004-apac-southindia", "migrationStage":"NotStarted", "server":"akswtt103000009"}}
{"logTime": "0322/123306", "correlationVector":"b/zEWmZT7pERIC9XskB8AL.2","action":"GetUpdates Response", "result":"Success", "context":Received 0 update(s). cV=b/zEWmZT7pERIC9XskB8AL.0;server=akswtt103000009;cloudType=Consumer;environment=Prod_southindia_prod-s01-004-apac-southindia;migrationStage=NotStarted}
{"logTime": "0322/123306", "correlationVector":"SEdeqyxx1Ywyodc30cEhkV","action":"DoCompareDataConsistency requsted types: ", "result":"Bookmarks, Preferences, Passwords, Extensions, Extension settings, History Delete Directives, Send Tab To Self, Web Apps, History, Saved Tab Group, WebAuthn Credentials, Collection, Edge E Drop, Edge Wallet, Edge Workspace, Encryption Keys"}
{"logTime": "0322/123306", "correlationVector":"SEdeqyxx1Ywyodc30cEhkV.0","action":"CompareDataConsistency result: ", "result":"Compare result: Encryption Keys is consistent. local entities count is: 1 local entities hash is: GmJGqQQxu6EXgyMS/GWY0u9OjKQ="}
{"logTime": "0322/123306", "correlationVector":"SEdeqyxx1Ywyodc30cEhkV.1","action":"CompareDataConsistency result: ", "result":"Compare result: Bookmarks is consistent. local entities count is: 0 local entities hash is: "}
{"logTime": "0322/123306", "correlationVector":"SEdeqyxx1Ywyodc30cEhkV.2","action":"CompareDataConsistency result: ", "result":"Compare result: Preferences is consistent. local entities count is: 52 local entities hash is: TOzX2rwvsUHP7ree4wp8OuxeG+0="}
{"logTime": "0322/123306", "correlationVector":"SEdeqyxx1Ywyodc30cEhkV.3","action":"CompareDataConsistency result: ", "result":"Compare result: Extensions is consistent. local entities count is: 0 local entities hash is: "}
{"logTime": "0322/123306", "correlationVector":"SEdeqyxx1Ywyodc30cEhkV.4","action":"CompareDataConsistency result: ", "result":"Compare result: Extension settings is consistent. local entities count is: 0 local entities hash is: "}
{"logTime": "0322/123306", "correlationVector":"SEdeqyxx1Ywyodc30cEhkV.5","action":"CompareDataConsistency result: ", "result":"Compare result: History Delete Directives is consistent. local entities count is: 0 local entities hash is: "}
{"logTime": "0322/123306", "correlationVector":"SEdeqyxx1Ywyodc30cEhkV.6","action":"CompareDataConsistency result: ", "result":"Server did not send this Send Tab To Self local entities count is: 0 local entities hash is: "}
{"logTime": "0322/123306", "correlationVector":"SEdeqyxx1Ywyodc30cEhkV.7","action":"CompareDataConsistency result: ", "result":"Compare result: Web Apps is consistent. local entities count is: 0 local entities hash is: "}
{"logTime": "0322/123306", "correlationVector":"SEdeqyxx1Ywyodc30cEhkV.8","action":"CompareDataConsistency result: ", "result":"Server did not send this History local entities count is: 0 local entities hash is: "}
{"logTime": "0322/123306", "correlationVector":"SEdeqyxx1Ywyodc30cEhkV.9","action":"CompareDataConsistency result: ", "result":"Compare result: Saved Tab Group is consistent. local entities count is: 0 local entities hash is: "}
{"logTime": "0322/123306", "correlationVector":"SEdeqyxx1Ywyodc30cEhkV.10","action":"CompareDataConsistency result: ", "result":"Server did not send this WebAuthn Credentials local entities count is: 0 local entities hash is: "}
{"logTime": "0322/123306", "correlationVector":"SEdeqyxx1Ywyodc30cEhkV.11","action":"CompareDataConsistency result: ", "result":"Compare result: Collection is consistent. local entities count is: 0 local entities hash is: "}
{"logTime": "0322/123306", "correlationVector":"SEdeqyxx1Ywyodc30cEhkV.12","action":"CompareDataConsistency result: ", "result":"Compare result: Edge E Drop is consistent. local entities count is: 0 local entities hash is: "}
{"logTime": "0322/123306", "correlationVector":"SEdeqyxx1Ywyodc30cEhkV.13","action":"CompareDataConsistency result: ", "result":"Compare result: Edge Wallet is consistent. local entities count is: 0 local entities hash is: "}
{"logTime": "0322/123306", "correlationVector":"SEdeqyxx1Ywyodc30cEhkV.14","action":"CompareDataConsistency result: ", "result":"Server did not send this Edge Workspace local entities count is: 0 local entities hash is: "}
{"logTime": "0322/123306", "correlationVector":"SEdeqyxx1Ywyodc30cEhkV.15","action":"CompareDataConsistency result: ", "result":"Compare result: Passwords is consistent. local entities count is: 7 local entities hash is: B6ih2g3OTw+bD45eMai6gVDkQ4I="}
{"logTime": "0322/123306", "correlationVector":"+uJB0S8FgQzUIvFV8S5BMu","action":"Commit Request", "result":"", "context":Item count: 4
Contributing types: Sessions, Device Info, User Consents}
{"logTime": "0322/123306", "correlationVector":"+uJB0S8FgQzUIvFV8S5BMu.1","action":"SyncServerConnectionManagerRequest", "result":"SYNC_SERVER_OK", "context":{"environment":"Prod_southindia_prod-s01-004-apac-southindia", "migrationStage":"NotStarted", "server":"akswtt103000015"}}
{"logTime": "0322/123306", "correlationVector":"+uJB0S8FgQzUIvFV8S5BMu.2","action":"Commit Response", "result":"Success", "context":Result: Success. cV=+uJB0S8FgQzUIvFV8S5BMu.0;server=akswtt103000015;cloudType=Consumer;environment=Prod_southindia_prod-s01-004-apac-southindia;migrationStage=NotStarted}
{"logTime": "0322/123306", "correlationVector":"","action":"DIAGNOSTIC_REQUEST|v1/diagnosticData/Diagnostic.SendCheckResult()|SUCCESS", "result":""}
{"logTime": "0322/123313", "correlationVector":"fBTx0CE+YtSO3Er9r14jSu","action":"Commit Request", "result":"", "context":Item count: 2
Contributing types: Edge Hub App Usage}
{"logTime": "0322/123313", "correlationVector":"fBTx0CE+YtSO3Er9r14jSu.1","action":"SyncServerConnectionManagerRequest", "result":"SYNC_SERVER_OK", "context":{"environment":"Prod_southindia_prod-s01-004-apac-southindia", "migrationStage":"NotStarted", "server":"akswtt103000003"}}
{"logTime": "0322/123313", "correlationVector":"fBTx0CE+YtSO3Er9r14jSu.2","action":"Commit Response", "result":"Success", "context":Result: Success. cV=fBTx0CE+YtSO3Er9r14jSu.0;server=akswtt103000003;cloudType=Consumer;environment=Prod_southindia_prod-s01-004-apac-southindia;migrationStage=NotStarted}
