{"logTime": "0322/121449", "correlationVector":"WT71AiL08Z4uvW/hWB+hoj.1","action":"SyncServerConnectionManagerRequest", "result":"SYNC_SERVER_OK", "context":{"environment":"Prod_southindia_prod-s01-004-apac-southindia", "migrationStage":"NotStarted", "server":"akswtt10300000g"}}
{"logTime": "0322/121449", "correlationVector":"WT71AiL08Z4uvW/hWB+hoj.2","action":"ProcessGetUpdates", "result":"Done", "context":{"dataType":"Encryption Keys", "deleted":"0", "process_failed_to_decrypt":"0", "process_pending_decryption":"0", "process_success":"1", "total":"1"}}
{"logTime": "0322/121449", "correlationVector":"GlUY3I14JigpXfz+JjIXBF","action":"SyncServerConnectionManagerRequest", "result":"SYNC_SERVER_OK", "context":{"environment":"", "migrationStage":"", "server":""}}
{"logTime": "0322/121449", "correlationVector":"GlUY3I14JigpXfz+JjIXBF.0","action":"EncryptionKeysFetcher.DownloadKeys:", "result":"Success", "context":Key count: 3, Last key timestamp: 2026-02-09T17:01:17Z}
{"logTime": "0322/121449", "correlationVector":"GlUY3I14JigpXfz+JjIXBF.1","action":"EncryptionKeysManager::SetEncryptionKeys:", "result":"Success", "context":Key names[3]:[01vi0DnmNfrhUpH8yNo+5+qAg0mcF3Ou/iFKRkgWVGDPQ2SdfRSy488H2XUs41Brxp1de/tsAqwjdyO3JRfFPQ==][ISrIdF7lsXYu8jCRNn7PklieAG0ECZv1TOYSIFQ1COAbuTUyBndnSvkHI2WtyctyaFVDO9EHBLBM+Ykw0FdrIQ==][oYOGDTDZEkM/tmmL8wtqwstjwiOXyNkjbV8J5T1RgY/Nk1faTJ6aXbV9lWmV4O5meNxfnO0dWmfx+CEFvt+sUw==]}
{"logTime": "0322/121449", "correlationVector":"GlUY3I14JigpXfz+JjIXBF.2","action":"EncryptionKeysManager::SetEncryptionKeysWithTimestamps:", "result":"Success", "context":Key timestamps[3]:[2025-02-11T07:40:33Z][2025-08-12T10:19:39Z][2026-02-09T17:01:17Z]}
{"logTime": "0322/121449", "correlationVector":"WT71AiL08Z4uvW/hWB+hoj","action":"Initial GetUpdates", "result":"", "context":Reason: NEW_CLIENT. cV=WT71AiL08Z4uvW/hWB+hoj}
{"logTime": "0322/121449", "correlationVector":"WT71AiL08Z4uvW/hWB+hoj.3","action":"GetUpdates Response", "result":"Success", "context":Received 1 update(s). cV=WT71AiL08Z4uvW/hWB+hoj.0;server=akswtt10300000g;cloudType=Consumer;environment=Prod_southindia_prod-s01-004-apac-southindia;migrationStage=NotStarted}
{"logTime": "0322/121449", "correlationVector":"AEKOxQZTypxC5sKZ0aTd6N","action":"Initial GetUpdates", "result":"", "context":Reason: NEWLY_SUPPORTED_DATATYPE. cV=AEKOxQZTypxC5sKZ0aTd6N}
{"logTime": "0322/121449", "correlationVector":"AEKOxQZTypxC5sKZ0aTd6N.1","action":"SyncServerConnectionManagerRequest", "result":"SYNC_SERVER_OK", "context":{"environment":"Prod_southindia_prod-s01-004-apac-southindia", "migrationStage":"NotStarted", "server":"akswtt10300000a"}}
{"logTime": "0322/121449", "correlationVector":"AEKOxQZTypxC5sKZ0aTd6N.2","action":"ProcessGetUpdates", "result":"Done", "context":{"dataType":"Preferences", "deleted":"0", "process_failed_to_decrypt":"0", "process_pending_decryption":"0", "process_success":"52", "total":"52"}}
{"logTime": "0322/121449", "correlationVector":"AEKOxQZTypxC5sKZ0aTd6N.3","action":"ProcessGetUpdates", "result":"Done", "context":{"dataType":"Passwords", "deleted":"0", "process_failed_to_decrypt":"0", "process_pending_decryption":"0", "process_success":"7", "total":"7"}}
{"logTime": "0322/121449", "correlationVector":"AEKOxQZTypxC5sKZ0aTd6N.4","action":"ProcessGetUpdates", "result":"Done", "context":{"dataType":"Device Info", "deleted":"0", "process_failed_to_decrypt":"0", "process_pending_decryption":"0", "process_success":"5", "total":"5"}}
{"logTime": "0322/121449", "correlationVector":"AEKOxQZTypxC5sKZ0aTd6N.5","action":"GetUpdates Response", "result":"Success", "context":Received 64 update(s). cV=AEKOxQZTypxC5sKZ0aTd6N.0;server=akswtt10300000a;cloudType=Consumer;environment=Prod_southindia_prod-s01-004-apac-southindia;migrationStage=NotStarted}
{"logTime": "0322/121450", "correlationVector":"xBQF0PwIfzEU6PsgoliqdS","action":"Initial GetUpdates", "result":"", "context":Reason: NEWLY_SUPPORTED_DATATYPE. cV=xBQF0PwIfzEU6PsgoliqdS}
{"logTime": "0322/121450", "correlationVector":"xBQF0PwIfzEU6PsgoliqdS.1","action":"SyncServerConnectionManagerRequest", "result":"SYNC_SERVER_OK", "context":{"environment":"Prod_southindia_prod-s01-004-apac-southindia", "migrationStage":"NotStarted", "server":"akswtt10300000r"}}
{"logTime": "0322/121450", "correlationVector":"xBQF0PwIfzEU6PsgoliqdS.2","action":"ProcessGetUpdates", "result":"Done", "context":{"dataType":"Bookmarks", "deleted":"0", "process_failed_to_decrypt":"0", "process_pending_decryption":"0", "process_success":"6", "total":"6"}}
{"logTime": "0322/121450", "correlationVector":"xBQF0PwIfzEU6PsgoliqdS.3","action":"GetUpdates Response", "result":"Success", "context":Received 6 update(s). cV=xBQF0PwIfzEU6PsgoliqdS.0;server=akswtt10300000r;cloudType=Consumer;environment=Prod_southindia_prod-s01-004-apac-southindia;migrationStage=NotStarted}
{"logTime": "0322/121450", "correlationVector":"4FlDzzj+ukIpP0BxkN0Be9","action":"Initial GetUpdates", "result":"", "context":Reason: NEWLY_SUPPORTED_DATATYPE. cV=4FlDzzj+ukIpP0BxkN0Be9}
{"logTime": "0322/121450", "correlationVector":"4FlDzzj+ukIpP0BxkN0Be9.1","action":"SyncServerConnectionManagerRequest", "result":"SYNC_SERVER_OK", "context":{"environment":"Prod_southindia_prod-s01-004-apac-southindia", "migrationStage":"NotStarted", "server":"akswtt103000014"}}
{"logTime": "0322/121450", "correlationVector":"4FlDzzj+ukIpP0BxkN0Be9.2","action":"ProcessGetUpdates", "result":"Done", "context":{"dataType":"Autofill Profiles", "deleted":"0", "process_failed_to_decrypt":"0", "process_pending_decryption":"0", "process_success":"4", "total":"4"}}
{"logTime": "0322/121450", "correlationVector":"4FlDzzj+ukIpP0BxkN0Be9.3","action":"ProcessGetUpdates", "result":"Done", "context":{"dataType":"Autofill", "deleted":"0", "process_failed_to_decrypt":"0", "process_pending_decryption":"0", "process_success":"31", "total":"31"}}
{"logTime": "0322/121450", "correlationVector":"4FlDzzj+ukIpP0BxkN0Be9.4","action":"ProcessGetUpdates", "result":"Done", "context":{"dataType":"Sessions", "deleted":"24", "process_failed_to_decrypt":"0", "process_pending_decryption":"0", "process_success":"30", "total":"30"}}
{"logTime": "0322/121450", "correlationVector":"4FlDzzj+ukIpP0BxkN0Be9.5","action":"ProcessGetUpdates", "result":"Done", "context":{"dataType":"Edge Hub App Usage", "deleted":"2", "process_failed_to_decrypt":"0", "process_pending_decryption":"0", "process_success":"7", "total":"7"}}
{"logTime": "0322/121450", "correlationVector":"4FlDzzj+ukIpP0BxkN0Be9.6","action":"GetUpdates Response", "result":"Success", "context":Received 72 update(s). cV=4FlDzzj+ukIpP0BxkN0Be9.0;server=akswtt103000014;cloudType=Consumer;environment=Prod_southindia_prod-s01-004-apac-southindia;migrationStage=NotStarted}
{"logTime": "0322/121450", "correlationVector":"w3oVLSRUzpXcbI937JTDiq","action":"Initial GetUpdates", "result":"", "context":Reason: NEWLY_SUPPORTED_DATATYPE. cV=w3oVLSRUzpXcbI937JTDiq}
{"logTime": "0322/121450", "correlationVector":"w3oVLSRUzpXcbI937JTDiq.1","action":"SyncServerConnectionManagerRequest", "result":"SYNC_SERVER_OK", "context":{"environment":"Prod_southindia_prod-s01-004-apac-southindia", "migrationStage":"NotStarted", "server":"akswtt103000013"}}
{"logTime": "0322/121450", "correlationVector":"w3oVLSRUzpXcbI937JTDiq.2","action":"GetUpdates Response", "result":"Success", "context":Received 0 update(s). cV=w3oVLSRUzpXcbI937JTDiq.0;server=akswtt103000013;cloudType=Consumer;environment=Prod_southindia_prod-s01-004-apac-southindia;migrationStage=NotStarted}
{"logTime": "0322/121450", "correlationVector":"kgwwWUJBrA+UgummNU2AQt","action":"Normal GetUpdate request", "result":"", "context":cV=kgwwWUJBrA+UgummNU2AQt
Nudged types: Sessions, Device Info, User Consents
Refresh requested types: Bookmarks, Preferences, Passwords, Autofill Profiles, Autofill, Extensions, Sessions, Extension settings, History Delete Directives, Device Info, User Consents, Send Tab To Self, Web Apps, History, Saved Tab Group, WebAuthn Credentials, Collection, Edge E Drop, Edge Hub App Usage, Edge Wallet, Edge Workspace, Encryption Keys}
{"logTime": "0322/121450", "correlationVector":"kgwwWUJBrA+UgummNU2AQt.1","action":"SyncServerConnectionManagerRequest", "result":"SYNC_SERVER_OK", "context":{"environment":"Prod_southindia_prod-s01-004-apac-southindia", "migrationStage":"NotStarted", "server":"akswtt10300000z"}}
{"logTime": "0322/121450", "correlationVector":"kgwwWUJBrA+UgummNU2AQt.2","action":"GetUpdates Response", "result":"Success", "context":Received 0 update(s). cV=kgwwWUJBrA+UgummNU2AQt.0;server=akswtt10300000z;cloudType=Consumer;environment=Prod_southindia_prod-s01-004-apac-southindia;migrationStage=NotStarted}
{"logTime": "0322/121450", "correlationVector":"NHygcqfm5XM/n84iWQ0ac2","action":"DoCompareDataConsistency requsted types: ", "result":"Bookmarks, Preferences, Passwords, Extensions, Extension settings, History Delete Directives, Send Tab To Self, Web Apps, History, Saved Tab Group, WebAuthn Credentials, Collection, Edge E Drop, Edge Wallet, Edge Workspace, Encryption Keys"}
{"logTime": "0322/121450", "correlationVector":"NHygcqfm5XM/n84iWQ0ac2.0","action":"CompareDataConsistency result: ", "result":"Compare result: Encryption Keys is consistent. local entities count is: 1 local entities hash is: GmJGqQQxu6EXgyMS/GWY0u9OjKQ="}
{"logTime": "0322/121450", "correlationVector":"NHygcqfm5XM/n84iWQ0ac2.1","action":"CompareDataConsistency result: ", "result":"Compare result: Bookmarks is consistent. local entities count is: 0 local entities hash is: "}
{"logTime": "0322/121450", "correlationVector":"NHygcqfm5XM/n84iWQ0ac2.2","action":"CompareDataConsistency result: ", "result":"Compare result: Preferences is consistent. local entities count is: 52 local entities hash is: TOzX2rwvsUHP7ree4wp8OuxeG+0="}
{"logTime": "0322/121450", "correlationVector":"NHygcqfm5XM/n84iWQ0ac2.3","action":"CompareDataConsistency result: ", "result":"Compare result: Extensions is consistent. local entities count is: 0 local entities hash is: "}
{"logTime": "0322/121450", "correlationVector":"NHygcqfm5XM/n84iWQ0ac2.4","action":"CompareDataConsistency result: ", "result":"Compare result: Extension settings is consistent. local entities count is: 0 local entities hash is: "}
{"logTime": "0322/121450", "correlationVector":"NHygcqfm5XM/n84iWQ0ac2.5","action":"CompareDataConsistency result: ", "result":"Compare result: History Delete Directives is consistent. local entities count is: 0 local entities hash is: "}
{"logTime": "0322/121450", "correlationVector":"NHygcqfm5XM/n84iWQ0ac2.6","action":"CompareDataConsistency result: ", "result":"Server did not send this Send Tab To Self local entities count is: 0 local entities hash is: "}
{"logTime": "0322/121450", "correlationVector":"NHygcqfm5XM/n84iWQ0ac2.7","action":"CompareDataConsistency result: ", "result":"Compare result: Web Apps is consistent. local entities count is: 0 local entities hash is: "}
{"logTime": "0322/121450", "correlationVector":"NHygcqfm5XM/n84iWQ0ac2.8","action":"CompareDataConsistency result: ", "result":"Server did not send this History local entities count is: 0 local entities hash is: "}
{"logTime": "0322/121450", "correlationVector":"NHygcqfm5XM/n84iWQ0ac2.9","action":"CompareDataConsistency result: ", "result":"Compare result: Saved Tab Group is consistent. local entities count is: 0 local entities hash is: "}
{"logTime": "0322/121450", "correlationVector":"NHygcqfm5XM/n84iWQ0ac2.10","action":"CompareDataConsistency result: ", "result":"Server did not send this WebAuthn Credentials local entities count is: 0 local entities hash is: "}
{"logTime": "0322/121450", "correlationVector":"NHygcqfm5XM/n84iWQ0ac2.11","action":"CompareDataConsistency result: ", "result":"Compare result: Collection is consistent. local entities count is: 0 local entities hash is: "}
{"logTime": "0322/121450", "correlationVector":"NHygcqfm5XM/n84iWQ0ac2.12","action":"CompareDataConsistency result: ", "result":"Compare result: Edge E Drop is consistent. local entities count is: 0 local entities hash is: "}
{"logTime": "0322/121450", "correlationVector":"NHygcqfm5XM/n84iWQ0ac2.13","action":"CompareDataConsistency result: ", "result":"Compare result: Edge Wallet is consistent. local entities count is: 0 local entities hash is: "}
{"logTime": "0322/121450", "correlationVector":"NHygcqfm5XM/n84iWQ0ac2.14","action":"CompareDataConsistency result: ", "result":"Server did not send this Edge Workspace local entities count is: 0 local entities hash is: "}
{"logTime": "0322/121450", "correlationVector":"NHygcqfm5XM/n84iWQ0ac2.15","action":"CompareDataConsistency result: ", "result":"Compare result: Passwords is consistent. local entities count is: 7 local entities hash is: B6ih2g3OTw+bD45eMai6gVDkQ4I="}
{"logTime": "0322/121450", "correlationVector":"sa+ipPCJi2+/VfGaMwpdob","action":"Commit Request", "result":"", "context":Item count: 4
Contributing types: Sessions, Device Info, User Consents}
{"logTime": "0322/121451", "correlationVector":"sa+ipPCJi2+/VfGaMwpdob.1","action":"SyncServerConnectionManagerRequest", "result":"SYNC_SERVER_OK", "context":{"environment":"Prod_southindia_prod-s01-004-apac-southindia", "migrationStage":"NotStarted", "server":"akswtt10300000z"}}
{"logTime": "0322/121451", "correlationVector":"sa+ipPCJi2+/VfGaMwpdob.2","action":"Commit Response", "result":"Success", "context":Result: Success. cV=sa+ipPCJi2+/VfGaMwpdob.0;server=akswtt10300000z;cloudType=Consumer;environment=Prod_southindia_prod-s01-004-apac-southindia;migrationStage=NotStarted}
{"logTime": "0322/121451", "correlationVector":"","action":"DIAGNOSTIC_REQUEST|v1/diagnosticData/Diagnostic.SendCheckResult()|SUCCESS", "result":""}
