2026-03-22 12:14:37.798: [INFO][Sync] Reset engine, reason: 8
2026-03-22 12:14:37.798: [INFO][Sync] Stopped: Bookmarks
2026-03-22 12:14:37.798: [INFO][Sync] Stopped: Preferences
2026-03-22 12:14:37.798: [INFO][Sync] Stopped: Passwords
2026-03-22 12:14:37.798: [INFO][Sync] Stopped: Autofill Profiles
2026-03-22 12:14:37.798: [INFO][Sync] Stopped: Autofill
2026-03-22 12:14:37.798: [INFO][Sync] Stopped: Extensions
2026-03-22 12:14:37.798: [INFO][Sync] Stopped: Sessions
2026-03-22 12:14:37.798: [INFO][Sync] Stopped: Extension settings
2026-03-22 12:14:37.798: [INFO][Sync] Stopped: History Delete Directives
2026-03-22 12:14:37.798: [INFO][Sync] Stopped: Device Info
2026-03-22 12:14:37.798: [INFO][Sync] Stopped: User Consents
2026-03-22 12:14:37.798: [INFO][Sync] Stopped: Send Tab To Self
2026-03-22 12:14:37.798: [INFO][Sync] Stopped: Web Apps
2026-03-22 12:14:37.798: [INFO][Sync] Stopped: History
2026-03-22 12:14:37.798: [INFO][Sync] Stopped: Saved Tab Group
2026-03-22 12:14:37.798: [INFO][Sync] Stopped: WebAuthn Credentials
2026-03-22 12:14:37.798: [INFO][Sync] Stopped: Collection
2026-03-22 12:14:37.798: [INFO][Sync] Stopped: Edge E Drop
2026-03-22 12:14:37.798: [INFO][Sync] Stopped: Edge Hub App Usage
2026-03-22 12:14:37.798: [INFO][Sync] Stopped: Edge Wallet
2026-03-22 12:14:37.798: [INFO][Sync] Stopped: Edge Workspace
2026-03-22 12:14:37.799: [INFO][Sync] SyncState after authenticated was: NotSignedIn
2026-03-22 12:14:38.290: [INFO][Sync] Reset engine, reason: 8
2026-03-22 12:14:38.290: [INFO][Sync] Stopped: Bookmarks
2026-03-22 12:14:38.290: [INFO][Sync] Stopped: Preferences
2026-03-22 12:14:38.290: [INFO][Sync] Stopped: Passwords
2026-03-22 12:14:38.290: [INFO][Sync] Stopped: Autofill Profiles
2026-03-22 12:14:38.290: [INFO][Sync] Stopped: Autofill
2026-03-22 12:14:38.290: [INFO][Sync] Stopped: Extensions
2026-03-22 12:14:38.290: [INFO][Sync] Stopped: Sessions
2026-03-22 12:14:38.290: [INFO][Sync] Stopped: Extension settings
2026-03-22 12:14:38.290: [INFO][Sync] Stopped: History Delete Directives
2026-03-22 12:14:38.290: [INFO][Sync] Stopped: Device Info
2026-03-22 12:14:38.290: [INFO][Sync] Stopped: User Consents
2026-03-22 12:14:38.290: [INFO][Sync] Stopped: Send Tab To Self
2026-03-22 12:14:38.290: [INFO][Sync] Stopped: Web Apps
2026-03-22 12:14:38.290: [INFO][Sync] Stopped: History
2026-03-22 12:14:38.290: [INFO][Sync] Stopped: Saved Tab Group
2026-03-22 12:14:38.290: [INFO][Sync] Stopped: WebAuthn Credentials
2026-03-22 12:14:38.290: [INFO][Sync] Stopped: Collection
2026-03-22 12:14:38.290: [INFO][Sync] Stopped: Edge E Drop
2026-03-22 12:14:38.290: [INFO][Sync] Stopped: Edge Hub App Usage
2026-03-22 12:14:38.290: [INFO][Sync] Stopped: Edge Wallet
2026-03-22 12:14:38.290: [INFO][Sync] Stopped: Edge Workspace
2026-03-22 12:14:45.552: [INFO][Sync] Try to start sync engine
2026-03-22 12:14:45.560: [INFO][SyncManagerImpl::NudgeForInitialDownload] Initial download nudge for Encryption Keys
2026-03-22 12:14:45.560: [INFO][SyncEngineBackend::LoadAndConnectNigoriController] Load and connect Nigori controller
2026-03-22 12:14:45.560: [INFO][SyncEngineBackend::DoInitialize] Control Types added: Encryption Keys
2026-03-22 12:14:45.560: [INFO][SyncManagerImpl::ConfigureSyncer] Types to download: Encryption Keys with reason: 3
2026-03-22 12:14:45.560: [INFO][SyncSchedulerImpl::DoConfigurationSyncCycleJob] Configure job was blocked
2026-03-22 12:14:46.064: [INFO][SyncAuthManager::SetLastAuthError] Current auth error: None
2026-03-22 12:14:46.064: [INFO][SyncAuthManager::EdgeLogTokenErrorState] Token error with: None for account type: MSA
2026-03-22 12:14:46.064: [INFO][Sync] Credentials changed for: EdgeSyncScopeNew
2026-03-22 12:14:48.757: [INFO][SyncAuthManager::SetLastAuthError] Current auth error: None
2026-03-22 12:14:48.757: [INFO][SyncAuthManager::EdgeLogTokenErrorState] Token error with: None for account type: MSA
2026-03-22 12:14:48.757: [INFO][Sync] Credentials changed for: EdgeSyncKeyDataScope
2026-03-22 12:14:48.757: [INFO][SyncEngineBackend::DoUpdateKeyDataCredentials] Update key data credentials
2026-03-22 12:14:48.757: [INFO][SyncEngineBackend::DoUpdateCredentials] Update credentials
2026-03-22 12:14:48.757: [INFO][SyncSchedulerImpl::DoConfigurationSyncCycleJob] Blocked types:  and types to download: Encryption Keys
2026-03-22 12:14:49.059: [INFO][Sync] Started DataTypeManager configuration, reason: 4
2026-03-22 12:14:49.059: [INFO][Sync] Configuring for: Bookmarks, Preferences, Passwords, Autofill Profiles, Autofill, Extensions, Sessions, Extension settings, History Delete Directives, Device Info, User Consents, Send Tab To Self, Web Apps, History, Saved Tab Group, WebAuthn Credentials, Collection, Edge E Drop, Edge Hub App Usage, Edge Wallet, Edge Workspace, Encryption Keys, reason: 3, current state: 0
2026-03-22 12:14:49.059: [WARN][Sync] Crypto error data types: Passwords, Autofill Profiles, Autofill
2026-03-22 12:14:49.064: [INFO][Sync] Configure, desired: Bookmarks, Preferences, Extensions, Sessions, Extension settings, History Delete Directives, Device Info, User Consents, Send Tab To Self, Web Apps, History, Saved Tab Group, WebAuthn Credentials, Collection, Edge E Drop, Edge Hub App Usage, Edge Wallet, Edge Workspace, Encryption Keys; Allow fail: Passwords, Autofill Profiles, Autofill
2026-03-22 12:14:49.064: [INFO][Sync] Loading: Bookmarks
2026-03-22 12:14:49.065: [INFO][Sync] Loading: Preferences
2026-03-22 12:14:49.066: [INFO][Sync] Loading: Extensions
2026-03-22 12:14:49.066: [INFO][Sync] Loading: Sessions
2026-03-22 12:14:49.066: [INFO][Sync] Loading: Extension settings
2026-03-22 12:14:49.066: [INFO][Sync] Loading: History Delete Directives
2026-03-22 12:14:49.066: [INFO][Sync] Loading: Device Info
2026-03-22 12:14:49.066: [INFO][Sync] Loading: User Consents
2026-03-22 12:14:49.066: [INFO][Sync] Loading: Send Tab To Self
2026-03-22 12:14:49.066: [INFO][Sync] Loading: Web Apps
2026-03-22 12:14:49.066: [INFO][Sync] Loading: History
2026-03-22 12:14:49.066: [INFO][Sync] Loading: Saved Tab Group
2026-03-22 12:14:49.066: [INFO][Sync] Loading: WebAuthn Credentials
2026-03-22 12:14:49.066: [INFO][Sync] Loading: Collection
2026-03-22 12:14:49.066: [INFO][Sync] Loading: Edge E Drop
2026-03-22 12:14:49.066: [INFO][Sync] Loading: Edge Hub App Usage
2026-03-22 12:14:49.066: [INFO][Sync] Loading: Edge Wallet
2026-03-22 12:14:49.066: [INFO][Sync] Loading: Edge Workspace
2026-03-22 12:14:49.087: [INFO][Sync] All data types are ready for configure.
2026-03-22 12:14:49.753: [INFO][Sync] Started DataTypeManager configuration, reason: 5
2026-03-22 12:14:49.753: [INFO][Sync] Configuring for: Bookmarks, Preferences, Passwords, Autofill Profiles, Autofill, Extensions, Sessions, Extension settings, History Delete Directives, Device Info, User Consents, Send Tab To Self, Web Apps, History, Saved Tab Group, WebAuthn Credentials, Collection, Edge E Drop, Edge Hub App Usage, Edge Wallet, Edge Workspace, Encryption Keys, reason: 5, current state: 1
2026-03-22 12:14:49.760: [INFO][SyncEngineBackend::DoStartConfiguration] Start configuration
2026-03-22 12:14:49.760: [INFO][SyncManagerImpl::NudgeForInitialDownload] Initial download nudge for Bookmarks
2026-03-22 12:14:49.760: [INFO][SyncManagerImpl::NudgeForInitialDownload] Initial download nudge for Preferences
2026-03-22 12:14:49.760: [INFO][SyncManagerImpl::NudgeForInitialDownload] Initial download nudge for Extensions
2026-03-22 12:14:49.760: [INFO][SyncManagerImpl::NudgeForInitialDownload] Initial download nudge for Sessions
2026-03-22 12:14:49.760: [INFO][SyncManagerImpl::NudgeForInitialDownload] Initial download nudge for Extension settings
2026-03-22 12:14:49.760: [INFO][SyncManagerImpl::NudgeForInitialDownload] Initial download nudge for History Delete Directives
2026-03-22 12:14:49.760: [INFO][SyncManagerImpl::NudgeForInitialDownload] Initial download nudge for Device Info
2026-03-22 12:14:49.760: [INFO][SyncManagerImpl::NudgeForInitialDownload] Initial download nudge for Send Tab To Self
2026-03-22 12:14:49.760: [INFO][SyncManagerImpl::NudgeForInitialDownload] Initial download nudge for Web Apps
2026-03-22 12:14:49.760: [INFO][SyncManagerImpl::NudgeForInitialDownload] Initial download nudge for History
2026-03-22 12:14:49.760: [INFO][SyncManagerImpl::NudgeForInitialDownload] Initial download nudge for Saved Tab Group
2026-03-22 12:14:49.760: [INFO][SyncManagerImpl::NudgeForInitialDownload] Initial download nudge for WebAuthn Credentials
2026-03-22 12:14:49.760: [INFO][SyncManagerImpl::NudgeForInitialDownload] Initial download nudge for Collection
2026-03-22 12:14:49.760: [INFO][SyncManagerImpl::NudgeForInitialDownload] Initial download nudge for Edge E Drop
2026-03-22 12:14:49.760: [INFO][SyncManagerImpl::NudgeForInitialDownload] Initial download nudge for Edge Hub App Usage
2026-03-22 12:14:49.760: [INFO][SyncManagerImpl::NudgeForInitialDownload] Initial download nudge for Edge Wallet
2026-03-22 12:14:49.760: [INFO][SyncManagerImpl::NudgeForInitialDownload] Initial download nudge for Edge Workspace
2026-03-22 12:14:49.760: [INFO][SyncManagerImpl::ConfigureSyncer] Types to download:  with reason: 3
2026-03-22 12:14:49.760: [INFO][SyncEngineBackend::DoFinishConfigureDataTypes] Failed to download types:  and succeeded types: 
2026-03-22 12:14:49.769: [INFO][Sync] ConfigurationDone, failed: , succeeded: , remaining count: 4
2026-03-22 12:14:49.769: [WARN][Sync]     Reconfigure requested while configuration ongoing.
2026-03-22 12:14:49.769: [INFO][Sync] Configuring for: Bookmarks, Preferences, Passwords, Autofill Profiles, Autofill, Extensions, Sessions, Extension settings, History Delete Directives, Device Info, User Consents, Send Tab To Self, Web Apps, History, Saved Tab Group, WebAuthn Credentials, Collection, Edge E Drop, Edge Hub App Usage, Edge Wallet, Edge Workspace, Encryption Keys, reason: 5, current state: 2
2026-03-22 12:14:49.769: [INFO][Sync] Configure, desired: Bookmarks, Preferences, Passwords, Autofill Profiles, Autofill, Extensions, Sessions, Extension settings, History Delete Directives, Device Info, User Consents, Send Tab To Self, Web Apps, History, Saved Tab Group, WebAuthn Credentials, Collection, Edge E Drop, Edge Hub App Usage, Edge Wallet, Edge Workspace, Encryption Keys; Allow fail: 
2026-03-22 12:14:49.769: [INFO][Sync] Loading: Passwords
2026-03-22 12:14:49.769: [INFO][Sync] Loading: Autofill Profiles
2026-03-22 12:14:49.769: [INFO][Sync] Loading: Autofill
2026-03-22 12:14:49.769: [INFO][Sync] All data types are ready for configure.
2026-03-22 12:14:49.773: [INFO][SyncManagerImpl::NudgeForInitialDownload] Initial download nudge for Passwords
2026-03-22 12:14:49.773: [INFO][SyncManagerImpl::NudgeForInitialDownload] Initial download nudge for Autofill Profiles
2026-03-22 12:14:49.773: [INFO][SyncManagerImpl::NudgeForInitialDownload] Initial download nudge for Autofill
2026-03-22 12:14:49.773: [INFO][SyncManagerImpl::ConfigureSyncer] Types to download:  with reason: 5
2026-03-22 12:14:49.773: [INFO][SyncEngineBackend::DoFinishConfigureDataTypes] Failed to download types:  and succeeded types: 
2026-03-22 12:14:49.773: [INFO][Sync] ConfigurationDone, failed: , succeeded: , remaining count: 4
2026-03-22 12:14:49.773: [INFO][Sync] Prepare to configure types: Preferences, Passwords, Device Info, Send Tab To Self, Edge E Drop, Encryption Keys
2026-03-22 12:14:49.774: [INFO][SyncManagerImpl::ConfigureSyncer] Types to download: Preferences, Passwords, Device Info, Send Tab To Self, Edge E Drop, Encryption Keys with reason: 5
2026-03-22 12:14:49.774: [INFO][SyncSchedulerImpl::DoConfigurationSyncCycleJob] Blocked types:  and types to download: Preferences, Passwords, Device Info, Send Tab To Self, Edge E Drop, Encryption Keys
2026-03-22 12:14:49.980: [INFO][SyncEngineBackend::DoFinishConfigureDataTypes] Failed to download types:  and succeeded types: Preferences, Passwords, Device Info, Send Tab To Self, Edge E Drop, Encryption Keys
2026-03-22 12:14:50.017: [INFO][Sync] ConfigurationDone, failed: , succeeded: Preferences, Passwords, Device Info, Send Tab To Self, Edge E Drop, Encryption Keys, remaining count: 3
2026-03-22 12:14:50.017: [INFO][Sync] Prepare to configure types: Bookmarks, Encryption Keys
2026-03-22 12:14:50.017: [INFO][SyncManagerImpl::ConfigureSyncer] Types to download: Bookmarks, Encryption Keys with reason: 5
2026-03-22 12:14:50.017: [INFO][SyncSchedulerImpl::DoConfigurationSyncCycleJob] Blocked types:  and types to download: Bookmarks, Encryption Keys
2026-03-22 12:14:50.169: [INFO][SyncEngineBackend::DoFinishConfigureDataTypes] Failed to download types:  and succeeded types: Bookmarks, Encryption Keys
2026-03-22 12:14:50.176: [INFO][Sync] ConfigurationDone, failed: , succeeded: Bookmarks, Encryption Keys, remaining count: 2
2026-03-22 12:14:50.176: [INFO][Sync] Prepare to configure types: Autofill Profiles, Autofill, Extensions, Sessions, Extension settings, History Delete Directives, Web Apps, Saved Tab Group, WebAuthn Credentials, Collection, Edge Hub App Usage, Edge Wallet, Edge Workspace, Encryption Keys
2026-03-22 12:14:50.176: [INFO][SyncManagerImpl::ConfigureSyncer] Types to download: Autofill Profiles, Autofill, Extensions, Sessions, Extension settings, History Delete Directives, Web Apps, Saved Tab Group, WebAuthn Credentials, Collection, Edge Hub App Usage, Edge Wallet, Edge Workspace, Encryption Keys with reason: 5
2026-03-22 12:14:50.176: [INFO][SyncSchedulerImpl::DoConfigurationSyncCycleJob] Blocked types:  and types to download: Autofill Profiles, Autofill, Extensions, Sessions, Extension settings, History Delete Directives, Web Apps, Saved Tab Group, WebAuthn Credentials, Collection, Edge Hub App Usage, Edge Wallet, Edge Workspace, Encryption Keys
2026-03-22 12:14:50.371: [INFO][SyncEngineBackend::DoFinishConfigureDataTypes] Failed to download types:  and succeeded types: Autofill Profiles, Autofill, Extensions, Sessions, Extension settings, History Delete Directives, Web Apps, Saved Tab Group, WebAuthn Credentials, Collection, Edge Hub App Usage, Edge Wallet, Edge Workspace, Encryption Keys
2026-03-22 12:14:50.376: [INFO][Sync] ConfigurationDone, failed: , succeeded: Autofill Profiles, Autofill, Extensions, Sessions, Extension settings, History Delete Directives, Web Apps, Saved Tab Group, WebAuthn Credentials, Collection, Edge Hub App Usage, Edge Wallet, Edge Workspace, Encryption Keys, remaining count: 1
2026-03-22 12:14:50.380: [INFO][Sync] Prepare to configure types: History, Encryption Keys
2026-03-22 12:14:50.382: [INFO][SyncManagerImpl::ConfigureSyncer] Types to download: History, Encryption Keys with reason: 5
2026-03-22 12:14:50.382: [INFO][SyncSchedulerImpl::DoConfigurationSyncCycleJob] Blocked types:  and types to download: History, Encryption Keys
2026-03-22 12:14:50.547: [INFO][SyncEngineBackend::DoFinishConfigureDataTypes] Failed to download types:  and succeeded types: History, Encryption Keys
2026-03-22 12:14:50.554: [INFO][Sync] ConfigurationDone, failed: , succeeded: History, Encryption Keys, remaining count: 0
2026-03-22 12:14:50.560: [INFO][Sync]     Configuration completed, state: 7
2026-03-22 12:14:50.560: [INFO][Sync] Configured DataTypeManager: Ok
2026-03-22 12:14:50.568: [INFO][SyncEngineBackend::DoStartSyncing] Start syncing
